Arguments: 
  /opt/homebrew/Cellar/node/18.10.0/bin/node /opt/homebrew/Cellar/yarn/1.22.17_2/libexec/bin/yarn.js install

PATH: 
  /opt/homebrew/opt/ruby/bin:/opt/homebrew/lib/ruby/gems/3.0.0/bin:/Users/leo/Downloads/google-cloud-sdk/bin:/opt/homebrew/bin:/usr/local/bin:/opt/homebrew/Caskroom/miniforge/base/bin:/opt/homebrew/Caskroom/miniforge/base/condabin:/opt/homebrew/opt/ruby/bin:/opt/homebrew/lib/ruby/gems/3.0.0/bin:/Users/leo/Downloads/google-cloud-sdk/bin:/opt/homebrew/bin:/usr/local/bin:/usr/local/bin:/usr/bin:/bin:/usr/sbin:/sbin:/usr/local/share/dotnet:~/.dotnet/tools:/Library/Apple/usr/bin:/Library/Frameworks/Mono.framework/Versions/Current/Commands:/Users/leo/Library/Android/sdk/cmake/3.18.1/bin:/Users/leo/Library/Android/sdk/build-tools/32.0.0:/Users/leo/Library/Android/sdk/platform-tools:/Users/leo/Library/Android/sdk/emulator:/Users/leo/Library/Android/sdk/cmake/3.18.1/bin:/Users/leo/Library/Android/sdk/build-tools/32.0.0:/Users/leo/Library/Android/sdk/platform-tools:/Users/leo/Library/Android/sdk/emulator

Yarn version: 
  1.22.17

Node version: 
  18.10.0

Platform: 
  darwin arm64

Trace: 
  SyntaxError: /Users/leo/Documents/Projects/hejare/jaws/package.json: Unexpected token } in JSON at position 187
      at JSON.parse (<anonymous>)
      at /opt/homebrew/Cellar/yarn/1.22.17_2/libexec/lib/cli.js:1625:59
      at Generator.next (<anonymous>)
      at step (/opt/homebrew/Cellar/yarn/1.22.17_2/libexec/lib/cli.js:310:30)
      at /opt/homebrew/Cellar/yarn/1.22.17_2/libexec/lib/cli.js:321:13

npm manifest: 
  {
    "name": "jaws",
    "version": "0.1.0",
    "bin": {
      "jaws": "bin/jaws.js"
    },
    "scripts": {
      "dev": "next dev",
      "build": "tsc",
      "watch": "tsc -w",
      "test": "jest",
    },
    "devDependencies": {
      "@next/eslint-plugin-next": "^12.3.1",
      "@types/jest": "^27.5.2",
      "@types/node": "18.11.5",
      "@types/prettier": "2.6.0",
      "@types/react": "18.0.22",
      "@types/react-dom": "18.0.7",
      "@typescript-eslint/eslint-plugin": "^5.40.1",
      "@typescript-eslint/parser": "^5.40.1",
      "eslint": "^8.26.0",
      "eslint-config-next": "^12.3.1",
      "eslint-config-prettier": "^8.5.0",
      "eslint-plugin-prettier": "^4.2.1",
      "eslint-plugin-react": "^7.31.10",
      "eslint-plugin-react-hooks": "^4.6.0",
      "jest": "^27.5.1",
      "prettier": "^2.7.1",
      "ts-jest": "^27.1.4",
      "ts-node": "^10.9.1",
      "typescript": "4.8.4"
    },
    "dependencies": {
      "constructs": "^10.0.0",
      "next": "^12.3.1",
      "react": "^18.2.0",
      "react-dom": "^18.2.0",
      "source-map-support": "^0.5.21"
    }
  }

yarn manifest: 
  No manifest

Lockfile: 
  No lockfile
